[2026-03-14 12:21:41] ERROR    django.server | "GET /admin/login/?next=/admin/ HTTP/1.1" 500 59
[2026-03-14 12:26:52] ERROR    django.server | "GET /admin/login/?next=/admin/ HTTP/1.1" 500 59
[2026-03-14 12:28:10] ERROR    django.server | "GET /admin/login/?next=/admin/ HTTP/1.1" 500 59
[2026-03-14 12:33:55] ERROR    django.request | Internal Server Error: /admin/login/
Traceback (most recent call last):
  File "/data/data/com.termux/files/home/projects/farmiclegrow-trace/server/venv/lib/python3.13/site-packages/django/contrib/sites/models.py", line 39, in _get_site_by_request
    SITE_CACHE[host] = self.get(domain__iexact=host)
                       ~~~~~~~~^^^^^^^^^^^^^^^^^^^^^
  File "/data/data/com.termux/files/home/projects/farmiclegrow-trace/server/venv/lib/python3.13/site-packages/django/db/models/manager.py", line 87, in manager_method
    return getattr(self.get_queryset(), name)(*args, **kwargs)
           ~~~~~~~~~~~~~~~~~~~~~~~~~~~~~~~~~~^^^^^^^^^^^^^^^^^
  File "/data/data/com.termux/files/home/projects/farmiclegrow-trace/server/venv/lib/python3.13/site-packages/django/db/models/query.py", line 639, in get
    raise self.model.DoesNotExist(
        "%s matching query does not exist." % self.model._meta.object_name
    )
django.contrib.sites.models.Site.DoesNotExist: Site matching query does not exist.

During handling of the above exception, another exception occurred:

Traceback (most recent call last):
  File "/data/data/com.termux/files/home/projects/farmiclegrow-trace/server/venv/lib/python3.13/site-packages/django/core/handlers/exception.py", line 55, in inner
    response = get_response(request)
  File "/data/data/com.termux/files/home/projects/farmiclegrow-trace/server/venv/lib/python3.13/site-packages/django/core/handlers/base.py", line 198, in _get_response
    response = wrapped_callback(request, *callback_args, **callback_kwargs)
  File "/data/data/com.termux/files/home/projects/farmiclegrow-trace/server/venv/lib/python3.13/site-packages/django/utils/decorators.py", line 48, in _wrapper
    return bound_method(*args, **kwargs)
  File "/data/data/com.termux/files/home/projects/farmiclegrow-trace/server/venv/lib/python3.13/site-packages/django/views/decorators/cache.py", line 80, in _view_wrapper
    response = view_func(request, *args, **kwargs)
  File "/data/data/com.termux/files/home/projects/farmiclegrow-trace/server/venv/lib/python3.13/site-packages/django/contrib/admin/sites.py", line 450, in login
    return LoginView.as_view(**defaults)(request)
           ~~~~~~~~~~~~~~~~~~~~~~~~~~~~~^^^^^^^^^
  File "/data/data/com.termux/files/home/projects/farmiclegrow-trace/server/venv/lib/python3.13/site-packages/django/views/generic/base.py", line 106, in view
    return self.dispatch(request, *args, **kwargs)
           ~~~~~~~~~~~~~^^^^^^^^^^^^^^^^^^^^^^^^^^
  File "/data/data/com.termux/files/home/projects/farmiclegrow-trace/server/venv/lib/python3.13/site-packages/django/utils/decorators.py", line 48, in _wrapper
    return bound_method(*args, **kwargs)
  File "/data/data/com.termux/files/home/projects/farmiclegrow-trace/server/venv/lib/python3.13/site-packages/django/views/decorators/debug.py", line 143, in sensitive_post_parameters_wrapper
    return view(request, *args, **kwargs)
  File "/data/data/com.termux/files/home/projects/farmiclegrow-trace/server/venv/lib/python3.13/site-packages/django/utils/decorators.py", line 192, in _view_wrapper
    result = _process_exception(request, e)
  File "/data/data/com.termux/files/home/projects/farmiclegrow-trace/server/venv/lib/python3.13/site-packages/django/utils/decorators.py", line 190, in _view_wrapper
    response = view_func(request, *args, **kwargs)
  File "/data/data/com.termux/files/home/projects/farmiclegrow-trace/server/venv/lib/python3.13/site-packages/django/views/decorators/cache.py", line 80, in _view_wrapper
    response = view_func(request, *args, **kwargs)
  File "/data/data/com.termux/files/home/projects/farmiclegrow-trace/server/venv/lib/python3.13/site-packages/django/contrib/auth/views.py", line 89, in dispatch
    return super().dispatch(request, *args, **kwargs)
           ~~~~~~~~~~~~~~~~^^^^^^^^^^^^^^^^^^^^^^^^^^
  File "/data/data/com.termux/files/home/projects/farmiclegrow-trace/server/venv/lib/python3.13/site-packages/django/views/generic/base.py", line 145, in dispatch
    return handler(request, *args, **kwargs)
  File "/data/data/com.termux/files/home/projects/farmiclegrow-trace/server/venv/lib/python3.13/site-packages/django/views/generic/edit.py", line 142, in get
    return self.render_to_response(self.get_context_data())
                                   ~~~~~~~~~~~~~~~~~~~~~^^
  File "/data/data/com.termux/files/home/projects/farmiclegrow-trace/server/venv/lib/python3.13/site-packages/django/contrib/auth/views.py", line 113, in get_context_data
    current_site = get_current_site(self.request)
  File "/data/data/com.termux/files/home/projects/farmiclegrow-trace/server/venv/lib/python3.13/site-packages/django/contrib/sites/shortcuts.py", line 16, in get_current_site
    return Site.objects.get_current(request)
           ~~~~~~~~~~~~~~~~~~~~~~~~^^^^^^^^^
  File "/data/data/com.termux/files/home/projects/farmiclegrow-trace/server/venv/lib/python3.13/site-packages/django/contrib/sites/models.py", line 61, in get_current
    return self._get_site_by_request(request)
           ~~~~~~~~~~~~~~~~~~~~~~~~~^^^^^^^^^
  File "/data/data/com.termux/files/home/projects/farmiclegrow-trace/server/venv/lib/python3.13/site-packages/django/contrib/sites/models.py", line 45, in _get_site_by_request
    SITE_CACHE[domain] = self.get(domain__iexact=domain)
                         ~~~~~~~~^^^^^^^^^^^^^^^^^^^^^^^
  File "/data/data/com.termux/files/home/projects/farmiclegrow-trace/server/venv/lib/python3.13/site-packages/django/db/models/manager.py", line 87, in manager_method
    return getattr(self.get_queryset(), name)(*args, **kwargs)
           ~~~~~~~~~~~~~~~~~~~~~~~~~~~~~~~~~~^^^^^^^^^^^^^^^^^
  File "/data/data/com.termux/files/home/projects/farmiclegrow-trace/server/venv/lib/python3.13/site-packages/django/db/models/query.py", line 639, in get
    raise self.model.DoesNotExist(
        "%s matching query does not exist." % self.model._meta.object_name
    )
django.contrib.sites.models.Site.DoesNotExist: Site matching query does not exist.
[2026-03-14 12:33:55] ERROR    django.server | "GET /admin/login/?next=/admin/ HTTP/1.1" 500 170652
[2026-03-14 13:57:49] ERROR    django.request | Internal Server Error: /account/v1/register/
Traceback (most recent call last):
  File "/data/data/com.termux/files/home/projects/farmiclegrow-trace/server/venv/lib/python3.13/site-packages/django/core/handlers/exception.py", line 55, in inner
    response = get_response(request)
  File "/data/data/com.termux/files/home/projects/farmiclegrow-trace/server/venv/lib/python3.13/site-packages/django/core/handlers/base.py", line 198, in _get_response
    response = wrapped_callback(request, *callback_args, **callback_kwargs)
  File "/data/data/com.termux/files/home/projects/farmiclegrow-trace/server/venv/lib/python3.13/site-packages/django/views/decorators/csrf.py", line 65, in _view_wrapper
    return view_func(request, *args, **kwargs)
  File "/data/data/com.termux/files/home/projects/farmiclegrow-trace/server/venv/lib/python3.13/site-packages/django/views/generic/base.py", line 106, in view
    return self.dispatch(request, *args, **kwargs)
           ~~~~~~~~~~~~~^^^^^^^^^^^^^^^^^^^^^^^^^^
  File "/data/data/com.termux/files/home/projects/farmiclegrow-trace/server/venv/lib/python3.13/site-packages/django/utils/decorators.py", line 48, in _wrapper
    return bound_method(*args, **kwargs)
  File "/data/data/com.termux/files/home/projects/farmiclegrow-trace/server/venv/lib/python3.13/site-packages/django/views/decorators/debug.py", line 143, in sensitive_post_parameters_wrapper
    return view(request, *args, **kwargs)
  File "/data/data/com.termux/files/home/projects/farmiclegrow-trace/server/venv/lib/python3.13/site-packages/dj_rest_auth/registration/views.py", line 47, in dispatch
    return super().dispatch(*args, **kwargs)
           ~~~~~~~~~~~~~~~~^^^^^^^^^^^^^^^^^
  File "/data/data/com.termux/files/home/projects/farmiclegrow-trace/server/venv/lib/python3.13/site-packages/rest_framework/views.py", line 515, in dispatch
    response = self.handle_exception(exc)
  File "/data/data/com.termux/files/home/projects/farmiclegrow-trace/server/venv/lib/python3.13/site-packages/rest_framework/views.py", line 475, in handle_exception
    self.raise_uncaught_exception(exc)
    ~~~~~~~~~~~~~~~~~~~~~~~~~~~~~^^^^^
  File "/data/data/com.termux/files/home/projects/farmiclegrow-trace/server/venv/lib/python3.13/site-packages/rest_framework/views.py", line 486, in raise_uncaught_exception
    raise exc
  File "/data/data/com.termux/files/home/projects/farmiclegrow-trace/server/venv/lib/python3.13/site-packages/rest_framework/views.py", line 512, in dispatch
    response = handler(request, *args, **kwargs)
  File "/data/data/com.termux/files/home/projects/farmiclegrow-trace/server/venv/lib/python3.13/site-packages/rest_framework/generics.py", line 194, in post
    return self.create(request, *args, **kwargs)
           ~~~~~~~~~~~^^^^^^^^^^^^^^^^^^^^^^^^^^
  File "/data/data/com.termux/files/home/projects/farmiclegrow-trace/server/venv/lib/python3.13/site-packages/dj_rest_auth/registration/views.py", line 68, in create
    user = self.perform_create(serializer)
  File "/data/data/com.termux/files/home/projects/farmiclegrow-trace/server/venv/lib/python3.13/site-packages/dj_rest_auth/registration/views.py", line 92, in perform_create
    complete_signup(
    ~~~~~~~~~~~~~~~^
        self.request._request, user,
        ^^^^^^^^^^^^^^^^^^^^^^^^^^^^
        allauth_account_settings.EMAIL_VERIFICATION,
        ^^^^^^^^^^^^^^^^^^^^^^^^^^^^^^^^^^^^^^^^^^^^
        None,
        ^^^^^
    )
    ^
  File "/data/data/com.termux/files/home/projects/farmiclegrow-trace/server/venv/lib/python3.13/site-packages/allauth/account/utils.py", line 102, in complete_signup
    return flows.signup.complete_signup(
           ~~~~~~~~~~~~~~~~~~~~~~~~~~~~^
        request,
        ^^^^^^^^
    ...<3 lines>...
        signal_kwargs=signal_kwargs,
        ^^^^^^^^^^^^^^^^^^^^^^^^^^^^
    )
    ^
  File "/data/data/com.termux/files/home/projects/farmiclegrow-trace/server/venv/lib/python3.13/site-packages/allauth/account/internal/flows/signup.py", line 113, in complete_signup
    return perform_login(request, login)
  File "/data/data/com.termux/files/home/projects/farmiclegrow-trace/server/venv/lib/python3.13/site-packages/allauth/account/internal/flows/login.py", line 93, in perform_login
    return resume_login(request, login)
  File "/data/data/com.termux/files/home/projects/farmiclegrow-trace/server/venv/lib/python3.13/site-packages/allauth/account/internal/flows/login.py", line 102, in resume_login
    response = ctrl.handle()
  File "/data/data/com.termux/files/home/projects/farmiclegrow-trace/server/venv/lib/python3.13/site-packages/allauth/account/stages.py", line 121, in handle
    response, cont = stage.handle()
                     ~~~~~~~~~~~~^^
  File "/data/data/com.termux/files/home/projects/farmiclegrow-trace/server/venv/lib/python3.13/site-packages/allauth/account/stages.py", line 156, in handle
    send_verification_email_at_login(self.request, login)
    ~~~~~~~~~~~~~~~~~~~~~~~~~~~~~~~~^^^^^^^^^^^^^^^^^^^^^
  File "/data/data/com.termux/files/home/projects/farmiclegrow-trace/server/venv/lib/python3.13/site-packages/allauth/account/internal/flows/email_verification.py", line 292, in send_verification_email_at_login
    sent = send_verification_email_at_real_login(request, login)
  File "/data/data/com.termux/files/home/projects/farmiclegrow-trace/server/venv/lib/python3.13/site-packages/allauth/account/internal/flows/email_verification.py", line 306, in send_verification_email_at_real_login
    return send_verification_email_to_address(request, address, signup=login.signup)
  File "/data/data/com.termux/files/home/projects/farmiclegrow-trace/server/venv/lib/python3.13/site-packages/allauth/account/internal/flows/email_verification.py", line 267, in send_verification_email_to_address
    confirmation = address.send_confirmation(request, signup=signup)
  File "/data/data/com.termux/files/home/projects/farmiclegrow-trace/server/venv/lib/python3.13/site-packages/allauth/account/models.py", line 112, in send_confirmation
    confirmation.send(request, signup=signup)
    ~~~~~~~~~~~~~~~~~^^^^^^^^^^^^^^^^^^^^^^^^
  File "/data/data/com.termux/files/home/projects/farmiclegrow-trace/server/venv/lib/python3.13/site-packages/allauth/account/models.py", line 141, in send
    get_adapter().send_confirmation_mail(request, self, signup)
    ~~~~~~~~~~~~~~~~~~~~~~~~~~~~~~~~~~~~^^^^^^^^^^^^^^^^^^^^^^^
  File "/data/data/com.termux/files/home/projects/farmiclegrow-trace/server/venv/lib/python3.13/site-packages/allauth/account/adapter.py", line 689, in send_confirmation_mail
    self.send_mail(email_template, emailconfirmation.email_address.email, ctx)
    ~~~~~~~~~~~~~~^^^^^^^^^^^^^^^^^^^^^^^^^^^^^^^^^^^^^^^^^^^^^^^^^^^^^^^^^^^^
  File "/data/data/com.termux/files/home/projects/farmiclegrow-trace/server/venv/lib/python3.13/site-packages/allauth/account/adapter.py", line 220, in send_mail
    msg.send()
    ~~~~~~~~^^
  File "/data/data/com.termux/files/home/projects/farmiclegrow-trace/server/venv/lib/python3.13/site-packages/django/core/mail/message.py", line 358, in send
    return self.get_connection(fail_silently).send_messages([self])
           ~~~~~~~~~~~~~~~~~~~~~~~~~~~~~~~~~~~~~~~~~~~~~~~~^^^^^^^^
  File "/data/data/com.termux/files/home/projects/farmiclegrow-trace/server/venv/lib/python3.13/site-packages/django/core/mail/backends/smtp.py", line 130, in send_messages
    new_conn_created = self.open()
  File "/data/data/com.termux/files/home/projects/farmiclegrow-trace/server/venv/lib/python3.13/site-packages/django/core/mail/backends/smtp.py", line 88, in open
    self.connection = self.connection_class(
                      ~~~~~~~~~~~~~~~~~~~~~^
        self.host, self.port, **connection_params
        ^^^^^^^^^^^^^^^^^^^^^^^^^^^^^^^^^^^^^^^^^
    )
    ^
  File "/data/data/com.termux/files/usr/lib/python3.13/smtplib.py", line 264, in __init__
    (code, msg) = self.connect(host, port)
                  ~~~~~~~~~~~~^^^^^^^^^^^^
  File "/data/data/com.termux/files/usr/lib/python3.13/smtplib.py", line 350, in connect
    self.sock = self._get_socket(host, port, self.timeout)
                ~~~~~~~~~~~~~~~~^^^^^^^^^^^^^^^^^^^^^^^^^^
  File "/data/data/com.termux/files/usr/lib/python3.13/smtplib.py", line 321, in _get_socket
    return socket.create_connection((host, port), timeout,
           ~~~~~~~~~~~~~~~~~~~~~~~~^^^^^^^^^^^^^^^^^^^^^^^
                                    self.source_address)
                                    ^^^^^^^^^^^^^^^^^^^^
  File "/data/data/com.termux/files/usr/lib/python3.13/socket.py", line 864, in create_connection
    raise exceptions[0]
  File "/data/data/com.termux/files/usr/lib/python3.13/socket.py", line 849, in create_connection
    sock.connect(sa)
    ~~~~~~~~~~~~^^^^
ConnectionRefusedError: [Errno 111] Connection refused
[2026-03-14 13:57:49] ERROR    django.server | "POST /account/v1/register/ HTTP/1.1" 500 31381
[2026-03-20 15:04:37] ERROR    django.request | Internal Server Error: /swagger/
Traceback (most recent call last):
  File "/data/data/com.termux/files/home/projects/farmiclegrow-trace/server/venv/lib/python3.13/site-packages/django/core/handlers/exception.py", line 55, in inner
    response = get_response(request)
  File "/data/data/com.termux/files/home/projects/farmiclegrow-trace/server/venv/lib/python3.13/site-packages/django/core/handlers/base.py", line 198, in _get_response
    response = wrapped_callback(request, *callback_args, **callback_kwargs)
  File "/data/data/com.termux/files/home/projects/farmiclegrow-trace/server/venv/lib/python3.13/site-packages/django/views/decorators/csrf.py", line 65, in _view_wrapper
    return view_func(request, *args, **kwargs)
  File "/data/data/com.termux/files/home/projects/farmiclegrow-trace/server/venv/lib/python3.13/site-packages/django/views/generic/base.py", line 106, in view
    return self.dispatch(request, *args, **kwargs)
           ~~~~~~~~~~~~~^^^^^^^^^^^^^^^^^^^^^^^^^^
  File "/data/data/com.termux/files/home/projects/farmiclegrow-trace/server/venv/lib/python3.13/site-packages/rest_framework/views.py", line 515, in dispatch
    response = self.handle_exception(exc)
  File "/data/data/com.termux/files/home/projects/farmiclegrow-trace/server/venv/lib/python3.13/site-packages/rest_framework/views.py", line 475, in handle_exception
    self.raise_uncaught_exception(exc)
    ~~~~~~~~~~~~~~~~~~~~~~~~~~~~~^^^^^
  File "/data/data/com.termux/files/home/projects/farmiclegrow-trace/server/venv/lib/python3.13/site-packages/rest_framework/views.py", line 486, in raise_uncaught_exception
    raise exc
  File "/data/data/com.termux/files/home/projects/farmiclegrow-trace/server/venv/lib/python3.13/site-packages/rest_framework/views.py", line 512, in dispatch
    response = handler(request, *args, **kwargs)
  File "/data/data/com.termux/files/home/projects/farmiclegrow-trace/server/venv/lib/python3.13/site-packages/drf_yasg/views.py", line 129, in get
    schema = generator.get_schema(request, self.public)
  File "/data/data/com.termux/files/home/projects/farmiclegrow-trace/server/venv/lib/python3.13/site-packages/drf_yasg/generators.py", line 337, in get_schema
    paths, prefix = self.get_paths(endpoints, components, request, public)
                    ~~~~~~~~~~~~~~^^^^^^^^^^^^^^^^^^^^^^^^^^^^^^^^^^^^^^^^
  File "/data/data/com.termux/files/home/projects/farmiclegrow-trace/server/venv/lib/python3.13/site-packages/drf_yasg/generators.py", line 561, in get_paths
    operation = self.get_operation(
        view, path, prefix, method, components, request
    )
  File "/data/data/com.termux/files/home/projects/farmiclegrow-trace/server/venv/lib/python3.13/site-packages/drf_yasg/generators.py", line 609, in get_operation
    operation = view_inspector.get_operation(operation_keys)
  File "/data/data/com.termux/files/home/projects/farmiclegrow-trace/server/venv/lib/python3.13/site-packages/drf_yasg/inspectors/view.py", line 43, in get_operation
    query = self.get_query_parameters()
  File "/data/data/com.termux/files/home/projects/farmiclegrow-trace/server/venv/lib/python3.13/site-packages/drf_yasg/inspectors/view.py", line 347, in get_query_parameters
    self.get_filter_parameters() + self.get_pagination_parameters()
    ~~~~~~~~~~~~~~~~~~~~~~~~~~^^
  File "/data/data/com.termux/files/home/projects/farmiclegrow-trace/server/venv/lib/python3.13/site-packages/drf_yasg/inspectors/base.py", line 510, in get_filter_parameters
    self.probe_inspectors(
    ~~~~~~~~~~~~~~~~~~~~~^
        self.filter_inspectors, "get_filter_parameters", filter_backend()
        ^^^^^^^^^^^^^^^^^^^^^^^^^^^^^^^^^^^^^^^^^^^^^^^^^^^^^^^^^^^^^^^^^
    )
    ^
  File "/data/data/com.termux/files/home/projects/farmiclegrow-trace/server/venv/lib/python3.13/site-packages/drf_yasg/inspectors/base.py", line 137, in probe_inspectors
    result = method(obj, **kwargs)
  File "/data/data/com.termux/files/home/projects/farmiclegrow-trace/server/venv/lib/python3.13/site-packages/drf_yasg/inspectors/query.py", line 54, in get_filter_parameters
    return self.get_filter_backend_params(filter_backend)
           ~~~~~~~~~~~~~~~~~~~~~~~~~~~~~~^^^^^^^^^^^^^^^^
  File "/data/data/com.termux/files/home/projects/farmiclegrow-trace/server/venv/lib/python3.13/site-packages/drf_yasg/inspectors/query.py", line 59, in get_filter_backend_params
    filterset_class = filter_backend.get_filterset_class(
        self.view,
        self.view.queryset,
    )
  File "/data/data/com.termux/files/home/projects/farmiclegrow-trace/server/venv/lib/python3.13/site-packages/django_filters/rest_framework/backends.py", line 49, in get_filterset_class
    class AutoFilterSet(self.filterset_base):
    ...<2 lines>...
            fields = filterset_fields
  File "/data/data/com.termux/files/home/projects/farmiclegrow-trace/server/venv/lib/python3.13/site-packages/django_filters/filterset.py", line 82, in __new__
    new_class.base_filters = new_class.get_filters()
                             ~~~~~~~~~~~~~~~~~~~~~^^
  File "/data/data/com.termux/files/home/projects/farmiclegrow-trace/server/venv/lib/python3.13/site-packages/django_filters/filterset.py", line 371, in get_filters
    raise TypeError(
    ...<2 lines>...
    )
TypeError: 'Meta.fields' must not contain non-model field names: region
[2026-03-20 15:04:37] ERROR    django.server | "GET /swagger/?format=openapi HTTP/1.1" 500 186373
[2026-03-20 15:11:12] ERROR    django.request | Internal Server Error: /swagger/
Traceback (most recent call last):
  File "/data/data/com.termux/files/home/projects/farmiclegrow-trace/server/venv/lib/python3.13/site-packages/django/core/handlers/exception.py", line 55, in inner
    response = get_response(request)
  File "/data/data/com.termux/files/home/projects/farmiclegrow-trace/server/venv/lib/python3.13/site-packages/django/core/handlers/base.py", line 198, in _get_response
    response = wrapped_callback(request, *callback_args, **callback_kwargs)
  File "/data/data/com.termux/files/home/projects/farmiclegrow-trace/server/venv/lib/python3.13/site-packages/django/views/decorators/csrf.py", line 65, in _view_wrapper
    return view_func(request, *args, **kwargs)
  File "/data/data/com.termux/files/home/projects/farmiclegrow-trace/server/venv/lib/python3.13/site-packages/django/views/generic/base.py", line 106, in view
    return self.dispatch(request, *args, **kwargs)
           ~~~~~~~~~~~~~^^^^^^^^^^^^^^^^^^^^^^^^^^
  File "/data/data/com.termux/files/home/projects/farmiclegrow-trace/server/venv/lib/python3.13/site-packages/rest_framework/views.py", line 515, in dispatch
    response = self.handle_exception(exc)
  File "/data/data/com.termux/files/home/projects/farmiclegrow-trace/server/venv/lib/python3.13/site-packages/rest_framework/views.py", line 475, in handle_exception
    self.raise_uncaught_exception(exc)
    ~~~~~~~~~~~~~~~~~~~~~~~~~~~~~^^^^^
  File "/data/data/com.termux/files/home/projects/farmiclegrow-trace/server/venv/lib/python3.13/site-packages/rest_framework/views.py", line 486, in raise_uncaught_exception
    raise exc
  File "/data/data/com.termux/files/home/projects/farmiclegrow-trace/server/venv/lib/python3.13/site-packages/rest_framework/views.py", line 512, in dispatch
    response = handler(request, *args, **kwargs)
  File "/data/data/com.termux/files/home/projects/farmiclegrow-trace/server/venv/lib/python3.13/site-packages/drf_yasg/views.py", line 129, in get
    schema = generator.get_schema(request, self.public)
  File "/data/data/com.termux/files/home/projects/farmiclegrow-trace/server/venv/lib/python3.13/site-packages/drf_yasg/generators.py", line 337, in get_schema
    paths, prefix = self.get_paths(endpoints, components, request, public)
                    ~~~~~~~~~~~~~~^^^^^^^^^^^^^^^^^^^^^^^^^^^^^^^^^^^^^^^^
  File "/data/data/com.termux/files/home/projects/farmiclegrow-trace/server/venv/lib/python3.13/site-packages/drf_yasg/generators.py", line 561, in get_paths
    operation = self.get_operation(
        view, path, prefix, method, components, request
    )
  File "/data/data/com.termux/files/home/projects/farmiclegrow-trace/server/venv/lib/python3.13/site-packages/drf_yasg/generators.py", line 609, in get_operation
    operation = view_inspector.get_operation(operation_keys)
  File "/data/data/com.termux/files/home/projects/farmiclegrow-trace/server/venv/lib/python3.13/site-packages/drf_yasg/inspectors/view.py", line 43, in get_operation
    query = self.get_query_parameters()
  File "/data/data/com.termux/files/home/projects/farmiclegrow-trace/server/venv/lib/python3.13/site-packages/drf_yasg/inspectors/view.py", line 347, in get_query_parameters
    self.get_filter_parameters() + self.get_pagination_parameters()
    ~~~~~~~~~~~~~~~~~~~~~~~~~~^^
  File "/data/data/com.termux/files/home/projects/farmiclegrow-trace/server/venv/lib/python3.13/site-packages/drf_yasg/inspectors/base.py", line 510, in get_filter_parameters
    self.probe_inspectors(
    ~~~~~~~~~~~~~~~~~~~~~^
        self.filter_inspectors, "get_filter_parameters", filter_backend()
        ^^^^^^^^^^^^^^^^^^^^^^^^^^^^^^^^^^^^^^^^^^^^^^^^^^^^^^^^^^^^^^^^^
    )
    ^
  File "/data/data/com.termux/files/home/projects/farmiclegrow-trace/server/venv/lib/python3.13/site-packages/drf_yasg/inspectors/base.py", line 137, in probe_inspectors
    result = method(obj, **kwargs)
  File "/data/data/com.termux/files/home/projects/farmiclegrow-trace/server/venv/lib/python3.13/site-packages/drf_yasg/inspectors/query.py", line 54, in get_filter_parameters
    return self.get_filter_backend_params(filter_backend)
           ~~~~~~~~~~~~~~~~~~~~~~~~~~~~~~^^^^^^^^^^^^^^^^
  File "/data/data/com.termux/files/home/projects/farmiclegrow-trace/server/venv/lib/python3.13/site-packages/drf_yasg/inspectors/query.py", line 59, in get_filter_backend_params
    filterset_class = filter_backend.get_filterset_class(
        self.view,
        self.view.queryset,
    )
  File "/data/data/com.termux/files/home/projects/farmiclegrow-trace/server/venv/lib/python3.13/site-packages/django_filters/rest_framework/backends.py", line 49, in get_filterset_class
    class AutoFilterSet(self.filterset_base):
    ...<2 lines>...
            fields = filterset_fields
  File "/data/data/com.termux/files/home/projects/farmiclegrow-trace/server/venv/lib/python3.13/site-packages/django_filters/filterset.py", line 82, in __new__
    new_class.base_filters = new_class.get_filters()
                             ~~~~~~~~~~~~~~~~~~~~~^^
  File "/data/data/com.termux/files/home/projects/farmiclegrow-trace/server/venv/lib/python3.13/site-packages/django_filters/filterset.py", line 371, in get_filters
    raise TypeError(
    ...<2 lines>...
    )
TypeError: 'Meta.fields' must not contain non-model field names: region
[2026-03-20 15:11:12] ERROR    django.server | "GET /swagger/?format=openapi HTTP/1.1" 500 185539
[2026-03-20 15:14:38] ERROR    django.request | Internal Server Error: /swagger/
Traceback (most recent call last):
  File "/data/data/com.termux/files/home/projects/farmiclegrow-trace/server/venv/lib/python3.13/site-packages/django/core/handlers/exception.py", line 55, in inner
    response = get_response(request)
  File "/data/data/com.termux/files/home/projects/farmiclegrow-trace/server/venv/lib/python3.13/site-packages/django/core/handlers/base.py", line 198, in _get_response
    response = wrapped_callback(request, *callback_args, **callback_kwargs)
  File "/data/data/com.termux/files/home/projects/farmiclegrow-trace/server/venv/lib/python3.13/site-packages/django/views/decorators/csrf.py", line 65, in _view_wrapper
    return view_func(request, *args, **kwargs)
  File "/data/data/com.termux/files/home/projects/farmiclegrow-trace/server/venv/lib/python3.13/site-packages/django/views/generic/base.py", line 106, in view
    return self.dispatch(request, *args, **kwargs)
           ~~~~~~~~~~~~~^^^^^^^^^^^^^^^^^^^^^^^^^^
  File "/data/data/com.termux/files/home/projects/farmiclegrow-trace/server/venv/lib/python3.13/site-packages/rest_framework/views.py", line 515, in dispatch
    response = self.handle_exception(exc)
  File "/data/data/com.termux/files/home/projects/farmiclegrow-trace/server/venv/lib/python3.13/site-packages/rest_framework/views.py", line 475, in handle_exception
    self.raise_uncaught_exception(exc)
    ~~~~~~~~~~~~~~~~~~~~~~~~~~~~~^^^^^
  File "/data/data/com.termux/files/home/projects/farmiclegrow-trace/server/venv/lib/python3.13/site-packages/rest_framework/views.py", line 486, in raise_uncaught_exception
    raise exc
  File "/data/data/com.termux/files/home/projects/farmiclegrow-trace/server/venv/lib/python3.13/site-packages/rest_framework/views.py", line 512, in dispatch
    response = handler(request, *args, **kwargs)
  File "/data/data/com.termux/files/home/projects/farmiclegrow-trace/server/venv/lib/python3.13/site-packages/drf_yasg/views.py", line 129, in get
    schema = generator.get_schema(request, self.public)
  File "/data/data/com.termux/files/home/projects/farmiclegrow-trace/server/venv/lib/python3.13/site-packages/drf_yasg/generators.py", line 337, in get_schema
    paths, prefix = self.get_paths(endpoints, components, request, public)
                    ~~~~~~~~~~~~~~^^^^^^^^^^^^^^^^^^^^^^^^^^^^^^^^^^^^^^^^
  File "/data/data/com.termux/files/home/projects/farmiclegrow-trace/server/venv/lib/python3.13/site-packages/drf_yasg/generators.py", line 561, in get_paths
    operation = self.get_operation(
        view, path, prefix, method, components, request
    )
  File "/data/data/com.termux/files/home/projects/farmiclegrow-trace/server/venv/lib/python3.13/site-packages/drf_yasg/generators.py", line 609, in get_operation
    operation = view_inspector.get_operation(operation_keys)
  File "/data/data/com.termux/files/home/projects/farmiclegrow-trace/server/venv/lib/python3.13/site-packages/drf_yasg/inspectors/view.py", line 43, in get_operation
    query = self.get_query_parameters()
  File "/data/data/com.termux/files/home/projects/farmiclegrow-trace/server/venv/lib/python3.13/site-packages/drf_yasg/inspectors/view.py", line 347, in get_query_parameters
    self.get_filter_parameters() + self.get_pagination_parameters()
    ~~~~~~~~~~~~~~~~~~~~~~~~~~^^
  File "/data/data/com.termux/files/home/projects/farmiclegrow-trace/server/venv/lib/python3.13/site-packages/drf_yasg/inspectors/base.py", line 510, in get_filter_parameters
    self.probe_inspectors(
    ~~~~~~~~~~~~~~~~~~~~~^
        self.filter_inspectors, "get_filter_parameters", filter_backend()
        ^^^^^^^^^^^^^^^^^^^^^^^^^^^^^^^^^^^^^^^^^^^^^^^^^^^^^^^^^^^^^^^^^
    )
    ^
  File "/data/data/com.termux/files/home/projects/farmiclegrow-trace/server/venv/lib/python3.13/site-packages/drf_yasg/inspectors/base.py", line 137, in probe_inspectors
    result = method(obj, **kwargs)
  File "/data/data/com.termux/files/home/projects/farmiclegrow-trace/server/venv/lib/python3.13/site-packages/drf_yasg/inspectors/query.py", line 54, in get_filter_parameters
    return self.get_filter_backend_params(filter_backend)
           ~~~~~~~~~~~~~~~~~~~~~~~~~~~~~~^^^^^^^^^^^^^^^^
  File "/data/data/com.termux/files/home/projects/farmiclegrow-trace/server/venv/lib/python3.13/site-packages/drf_yasg/inspectors/query.py", line 59, in get_filter_backend_params
    filterset_class = filter_backend.get_filterset_class(
        self.view,
        self.view.queryset,
    )
  File "/data/data/com.termux/files/home/projects/farmiclegrow-trace/server/venv/lib/python3.13/site-packages/django_filters/rest_framework/backends.py", line 49, in get_filterset_class
    class AutoFilterSet(self.filterset_base):
    ...<2 lines>...
            fields = filterset_fields
  File "/data/data/com.termux/files/home/projects/farmiclegrow-trace/server/venv/lib/python3.13/site-packages/django_filters/filterset.py", line 82, in __new__
    new_class.base_filters = new_class.get_filters()
                             ~~~~~~~~~~~~~~~~~~~~~^^
  File "/data/data/com.termux/files/home/projects/farmiclegrow-trace/server/venv/lib/python3.13/site-packages/django_filters/filterset.py", line 371, in get_filters
    raise TypeError(
    ...<2 lines>...
    )
TypeError: 'Meta.fields' must not contain non-model field names: region
[2026-03-20 15:14:38] ERROR    django.server | "GET /swagger/?format=openapi HTTP/1.1" 500 185539
[2026-03-20 15:17:31] ERROR    django.request | Internal Server Error: /swagger/
Traceback (most recent call last):
  File "/data/data/com.termux/files/home/projects/farmiclegrow-trace/server/venv/lib/python3.13/site-packages/django/core/handlers/exception.py", line 55, in inner
    response = get_response(request)
  File "/data/data/com.termux/files/home/projects/farmiclegrow-trace/server/venv/lib/python3.13/site-packages/django/core/handlers/base.py", line 198, in _get_response
    response = wrapped_callback(request, *callback_args, **callback_kwargs)
  File "/data/data/com.termux/files/home/projects/farmiclegrow-trace/server/venv/lib/python3.13/site-packages/django/views/decorators/csrf.py", line 65, in _view_wrapper
    return view_func(request, *args, **kwargs)
  File "/data/data/com.termux/files/home/projects/farmiclegrow-trace/server/venv/lib/python3.13/site-packages/django/views/generic/base.py", line 106, in view
    return self.dispatch(request, *args, **kwargs)
           ~~~~~~~~~~~~~^^^^^^^^^^^^^^^^^^^^^^^^^^
  File "/data/data/com.termux/files/home/projects/farmiclegrow-trace/server/venv/lib/python3.13/site-packages/rest_framework/views.py", line 515, in dispatch
    response = self.handle_exception(exc)
  File "/data/data/com.termux/files/home/projects/farmiclegrow-trace/server/venv/lib/python3.13/site-packages/rest_framework/views.py", line 475, in handle_exception
    self.raise_uncaught_exception(exc)
    ~~~~~~~~~~~~~~~~~~~~~~~~~~~~~^^^^^
  File "/data/data/com.termux/files/home/projects/farmiclegrow-trace/server/venv/lib/python3.13/site-packages/rest_framework/views.py", line 486, in raise_uncaught_exception
    raise exc
  File "/data/data/com.termux/files/home/projects/farmiclegrow-trace/server/venv/lib/python3.13/site-packages/rest_framework/views.py", line 512, in dispatch
    response = handler(request, *args, **kwargs)
  File "/data/data/com.termux/files/home/projects/farmiclegrow-trace/server/venv/lib/python3.13/site-packages/drf_yasg/views.py", line 129, in get
    schema = generator.get_schema(request, self.public)
  File "/data/data/com.termux/files/home/projects/farmiclegrow-trace/server/venv/lib/python3.13/site-packages/drf_yasg/generators.py", line 337, in get_schema
    paths, prefix = self.get_paths(endpoints, components, request, public)
                    ~~~~~~~~~~~~~~^^^^^^^^^^^^^^^^^^^^^^^^^^^^^^^^^^^^^^^^
  File "/data/data/com.termux/files/home/projects/farmiclegrow-trace/server/venv/lib/python3.13/site-packages/drf_yasg/generators.py", line 561, in get_paths
    operation = self.get_operation(
        view, path, prefix, method, components, request
    )
  File "/data/data/com.termux/files/home/projects/farmiclegrow-trace/server/venv/lib/python3.13/site-packages/drf_yasg/generators.py", line 609, in get_operation
    operation = view_inspector.get_operation(operation_keys)
  File "/data/data/com.termux/files/home/projects/farmiclegrow-trace/server/venv/lib/python3.13/site-packages/drf_yasg/inspectors/view.py", line 43, in get_operation
    query = self.get_query_parameters()
  File "/data/data/com.termux/files/home/projects/farmiclegrow-trace/server/venv/lib/python3.13/site-packages/drf_yasg/inspectors/view.py", line 347, in get_query_parameters
    self.get_filter_parameters() + self.get_pagination_parameters()
    ~~~~~~~~~~~~~~~~~~~~~~~~~~^^
  File "/data/data/com.termux/files/home/projects/farmiclegrow-trace/server/venv/lib/python3.13/site-packages/drf_yasg/inspectors/base.py", line 510, in get_filter_parameters
    self.probe_inspectors(
    ~~~~~~~~~~~~~~~~~~~~~^
        self.filter_inspectors, "get_filter_parameters", filter_backend()
        ^^^^^^^^^^^^^^^^^^^^^^^^^^^^^^^^^^^^^^^^^^^^^^^^^^^^^^^^^^^^^^^^^
    )
    ^
  File "/data/data/com.termux/files/home/projects/farmiclegrow-trace/server/venv/lib/python3.13/site-packages/drf_yasg/inspectors/base.py", line 137, in probe_inspectors
    result = method(obj, **kwargs)
  File "/data/data/com.termux/files/home/projects/farmiclegrow-trace/server/venv/lib/python3.13/site-packages/drf_yasg/inspectors/query.py", line 54, in get_filter_parameters
    return self.get_filter_backend_params(filter_backend)
           ~~~~~~~~~~~~~~~~~~~~~~~~~~~~~~^^^^^^^^^^^^^^^^
  File "/data/data/com.termux/files/home/projects/farmiclegrow-trace/server/venv/lib/python3.13/site-packages/drf_yasg/inspectors/query.py", line 59, in get_filter_backend_params
    filterset_class = filter_backend.get_filterset_class(
        self.view,
        self.view.queryset,
    )
  File "/data/data/com.termux/files/home/projects/farmiclegrow-trace/server/venv/lib/python3.13/site-packages/django_filters/rest_framework/backends.py", line 49, in get_filterset_class
    class AutoFilterSet(self.filterset_base):
    ...<2 lines>...
            fields = filterset_fields
  File "/data/data/com.termux/files/home/projects/farmiclegrow-trace/server/venv/lib/python3.13/site-packages/django_filters/filterset.py", line 82, in __new__
    new_class.base_filters = new_class.get_filters()
                             ~~~~~~~~~~~~~~~~~~~~~^^
  File "/data/data/com.termux/files/home/projects/farmiclegrow-trace/server/venv/lib/python3.13/site-packages/django_filters/filterset.py", line 371, in get_filters
    raise TypeError(
    ...<2 lines>...
    )
TypeError: 'Meta.fields' must not contain non-model field names: region
[2026-03-20 15:17:31] ERROR    django.server | "GET /swagger/?format=openapi HTTP/1.1" 500 185539
